<?xml version="1.0" encoding="UTF-8"?>
<!-- Generated by org.testng.reporters.JUnitXMLReporter -->
<testsuite ignored="0" hostname="QSP" failures="0" tests="4" name="Test" time="0.192" errors="0" timestamp="2021-06-25T07:47:48 IST">
  <testcase classname="aaa.Test0" name="tc1" time="0.046"/>
  <testcase classname="aaa.Test1" name="tc1" time="0.004"/>
  <testcase classname="aaa.Test2" name="tc1" time="0.004"/>
  <testcase classname="aaa.Test3" name="tc1" time="0.004"/>
</testsuite> <!-- Test -->
