<?xml version="1.0" encoding="UTF-8"?>
<testng-results ignored="0" total="3" passed="3" failed="0" skipped="0">
  <reporter-output>
    <line>
      <![CDATA[Hello Python]]>
    </line>
    <line>
      <![CDATA[Hello java]]>
    </line>
    <line>
      <![CDATA[Hello Selenium]]>
    </line>
  </reporter-output>
  <suite started-at="2021-06-25T07:34:26 IST" name="Suite" finished-at="2021-06-25T07:34:26 IST" duration-ms="152">
    <groups>
    </groups>
    <test started-at="2021-06-25T07:34:26 IST" name="Test" finished-at="2021-06-25T07:34:26 IST" duration-ms="152">
      <class name="aaa.Test1">
        <test-method signature="tc1()[pri:0, instance:aaa.Test1@57250572]" started-at="2021-06-25T07:34:26 IST" name="tc1" finished-at="2021-06-25T07:34:26 IST" duration-ms="4" status="PASS">
          <reporter-output>
            <line>
              <![CDATA[Hello java]]>
            </line>
          </reporter-output>
        </test-method> <!-- tc1 -->
      </class> <!-- aaa.Test1 -->
      <class name="aaa.Test2">
        <test-method signature="tc1()[pri:0, instance:aaa.Test2@5609159b]" started-at="2021-06-25T07:34:26 IST" name="tc1" finished-at="2021-06-25T07:34:26 IST" duration-ms="3" status="PASS">
          <reporter-output>
            <line>
              <![CDATA[Hello Selenium]]>
            </line>
          </reporter-output>
        </test-method> <!-- tc1 -->
      </class> <!-- aaa.Test2 -->
      <class name="aaa.Test0">
        <test-method signature="tc1()[pri:0, instance:aaa.Test0@21b2e768]" started-at="2021-06-25T07:34:26 IST" name="tc1" finished-at="2021-06-25T07:34:26 IST" duration-ms="30" status="PASS">
          <reporter-output>
            <line>
              <![CDATA[Hello Python]]>
            </line>
          </reporter-output>
        </test-method> <!-- tc1 -->
      </class> <!-- aaa.Test0 -->
    </test> <!-- Test -->
  </suite> <!-- Suite -->
</testng-results>
