<?xml version="1.0" encoding="UTF-8"?>
<testng-results ignored="0" total="4" passed="4" failed="0" skipped="0">
  <reporter-output>
    <line>
      <![CDATA[Hello Python]]>
    </line>
    <line>
      <![CDATA[Hello java]]>
    </line>
    <line>
      <![CDATA[Hello Selenium]]>
    </line>
    <line>
      <![CDATA[Hello API Testing]]>
    </line>
  </reporter-output>
  <suite started-at="2021-06-25T07:47:48 IST" name="Suite" finished-at="2021-06-25T07:47:48 IST" duration-ms="192">
    <groups>
    </groups>
    <test started-at="2021-06-25T07:47:48 IST" name="Test" finished-at="2021-06-25T07:47:48 IST" duration-ms="192">
      <class name="aaa.Test1">
        <test-method signature="tc1()[pri:0, instance:aaa.Test1@5609159b]" started-at="2021-06-25T07:47:48 IST" name="tc1" finished-at="2021-06-25T07:47:48 IST" duration-ms="4" status="PASS">
          <reporter-output>
            <line>
              <![CDATA[Hello java]]>
            </line>
          </reporter-output>
        </test-method> <!-- tc1 -->
      </class> <!-- aaa.Test1 -->
      <class name="aaa.Test2">
        <test-method signature="tc1()[pri:0, instance:aaa.Test2@2118cddf]" started-at="2021-06-25T07:47:48 IST" name="tc1" finished-at="2021-06-25T07:47:48 IST" duration-ms="4" status="PASS">
          <reporter-output>
            <line>
              <![CDATA[Hello Selenium]]>
            </line>
          </reporter-output>
        </test-method> <!-- tc1 -->
      </class> <!-- aaa.Test2 -->
      <class name="aaa.Test0">
        <test-method signature="tc1()[pri:0, instance:aaa.Test0@57250572]" started-at="2021-06-25T07:47:48 IST" name="tc1" finished-at="2021-06-25T07:47:48 IST" duration-ms="46" status="PASS">
          <reporter-output>
            <line>
              <![CDATA[Hello Python]]>
            </line>
          </reporter-output>
        </test-method> <!-- tc1 -->
      </class> <!-- aaa.Test0 -->
      <class name="aaa.Test3">
        <test-method signature="tc1()[pri:0, instance:aaa.Test3@17a7f733]" started-at="2021-06-25T07:47:48 IST" name="tc1" finished-at="2021-06-25T07:47:48 IST" duration-ms="4" status="PASS">
          <reporter-output>
            <line>
              <![CDATA[Hello API Testing]]>
            </line>
          </reporter-output>
        </test-method> <!-- tc1 -->
      </class> <!-- aaa.Test3 -->
    </test> <!-- Test -->
  </suite> <!-- Suite -->
</testng-results>
